apr_array_make
strcasecmp
ap_server_root_relative
_ITM_deregisterTMCloneTable
__stack_chk_fail
strchr
ap_regexec
apr_uri_unparse
apr_palloc
apr_array_append
__gmon_start__
ap_log_error_
apr_table_setn
strtol
ap_pregsub
ap_set_context_info
apr_pstrdup
ap_construct_url
ap_pregcomp
ap_is_url
ap_expr_str_exec
ap_os_escape_path
ap_hook_fixups
apr_uri_parse
apr_array_push
ap_log_rerror_
apr_pstrcat
ap_expr_parse_cmd_mi
ap_hook_translate_name
_ITM_registerTMCloneTable
GLIBC_2.2.5
__ctype_b_loc
ap_check_cmd_context
getenv
free
__errno_location
_ITM_deregisterTMCloneTable
getpid
__stack_chk_fail
gettimeofday
__assert_fail
memset
close
read
memcmp
__gmon_start__
memcpy
malloc
realloc
memmove
open
__fprintf_chk
_ITM_registerTMCloneTable
getrandom
GLIBC_2.2.5
stderr
__ctype_toupper_loc
getenv
free
semget
pthread_create
pthread_sigmask
strcasecmp
pthread_detach
__errno_location
fdatasync
unlink
strncmp
_ITM_deregisterTMCloneTable
stdout
localtime_r
_exit
strcpy
pthread_cond_broadcast
mkdir
writev
sigaction
stdin
setsockopt
shmdt
fcntl
setenv
write
sys_siglist
__h_errno_location
getpid
dup3
pthread_rwlock_init
pthread_cond_wait
readdir_r
getpeername
pthread_once
opendir
shutdown
sem_close
rmdir
strlen
__lxstat
getpwuid_r
pthread_rwlock_tryrdlock
chdir
pthread_mutexattr_destroy
__stack_chk_fail
getuid
pthread_attr_setguardsize
mmap
accept4
dup2
strchr
sem_unlink
pthread_setspecific
pthread_mutex_destroy
__fdelt_chk
pthread_mutexattr_init
modf
gai_strerror
strrchr
ftruncate
gmtime_r
dup
lseek
gettimeofday
__assert_fail
pthread_mutexattr_setprotocol
memset
geteuid
freopen
ioctl
getcwd
sendto
pthread_rwlock_trywrlock
close
rewinddir
pipe
getnameinfo
setsid
closedir
epoll_ctl
memchr
read
memcmp
pthread_attr_init
pthread_cond_signal
pthread_rwlock_wrlock
getsockopt
pthread_rwlock_rdlock
execve
utimes
calloc
strcmp
sem_wait
__memcpy_chk
fprintf
sigemptyset
mkfifo
__gmon_start__
if_nametoindex
strtol
sigfillset
memcpy
pthread_mutex_consistent_np
kill
getgid
select
__xstat
pthread_cond_init
pthread_attr_setdetachstate
dlopen
strerror_r
pthread_getspecific
pthread_mutex_unlock
pthread_mutexattr_settype
pthread_exit
malloc
nl_langinfo
getifaddrs
__fxstat
listen
recvfrom
sem_open
pthread_rwlock_unlock
mkstemp
getservbyname_r
sem_post
dlclose
pthread_attr_setstacksize
uuid_generate
setrlimit
sendfile
realloc
getgrgid_r
getpwnam_r
munmap
freeifaddrs
pthread_key_create
epoll_wait
poll
chmod
bind
strftime
memmove
fsync
pthread_self
setgid
pthread_cond_timedwait
waitpid
sem_trywait
getpass
pthread_cond_destroy
open
access
shmctl
fchown
sigdelset
perror
sysconf
pthread_join
rename
unsetenv
semctl
getsockname
shmat
shmget
pthread_attr_destroy
execvp
flock
sigwait
getgrnam_r
semop
gethostname
pthread_key_delete
link
exit
connect
fwrite
pthread_mutexattr_setrobust_np
pthread_mutexattr_setpshared
_ITM_registerTMCloneTable
setuid
ftok
getaddrinfo
pthread_yield
dlsym
pthread_rwlock_destroy
pthread_attr_getdetachstate
pthread_mutex_init
epoll_create1
GLIBC_2.2.5
sigaddset
execv
fork
pthread_mutex_lock
pthread_mutex_trylock
rand
dlerror
__ctype_tolower_loc
__ctype_b_loc
freeaddrinfo
stderr
socket
apr_array_make
strcasecmp
apr_array_clear
_ITM_deregisterTMCloneTable
apr_table_get
strlen
__stack_chk_fail
apr_palloc
ap_getword_conf
strcmp
__gmon_start__
apr_table_setn
strtol
ap_internal_fast_redirect
ap_construct_url
apr_array_pstrcat
ap_sub_req_lookup_uri
ap_os_escape_path
ap_destroy_sub_req
apr_table_overlay
ap_hook_fixups
apr_array_push
apr_pstrcat
_ITM_registerTMCloneTable
GLIBC_2.2.5
ap_set_string_slot
__ctype_b_loc
ap_find_child_by_pid
ap_get_scoreboard_process
free
ap_set_send_buffer_size
apr_skiplist_insert
pthread_sigmask
ap_mpm_podx_signal
strcasecmp
apr_atomic_inc32
ap_server_conf
__errno_location
ap_get_server_built
apr_bucket_alloc_create
ap_run_resume_connection
ap_queue_info_wait_for_idler
_ITM_deregisterTMCloneTable
ap_run_pre_connection
ap_calloc
apr_time_now
ap_queue_info_num_idlers
ap_run_create_connection
ap_run_process_connection
apr_pool_tag
apr_hash_set
apr_skiplist_alloc
ap_retained_data_get
apr_allocator_owner_set
ap_hook_open_logs
ap_queue_interrupt_all
strtod
setsockopt
ap_mpm_set_graceful_shutdown
ap_queue_push_socket
apr_pool_create_ex
apr_threadattr_stacksize_set
getpid
apr_pollset_method_name
apr_table_get
pthread_kill
apr_skiplist_init
ap_hook_mpm_register_timed_callback
ap_queue_info_try_get_idler
apr_atomic_dec32
apr_allocator_create
apr_thread_join
ap_scoreboard_image
ap_hook_pre_config
ap_thread_stacksize
ap_duplicate_listeners
ap_relieve_child_processes
apr_setup_signal_thread
__stack_chk_fail
ap_hook_mpm
ap_listen_pre_config
ap_exists_config_define
ap_set_listencbratio
apr_skiplist_peek
ap_update_child_status
ap_set_listenbacklog
ap_queue_info_pop_pool
ap_queue_info_set_idle
apr_pollset_create
ap_hook_post_config
apr_pool_cleanup_register
ap_max_mem_free
ap_queue_pop_something
apr_pollset_destroy
memset
ap_mpm_podx_killpg
ap_update_vhost_given_ip
ap_pid_fname
apr_palloc
ap_run_child_init
apr_pollset_remove
ap_reopen_scoreboard
ap_queue_push_timer
srand
apr_socket_recv
ap_hook_pre_connection
ap_fatal_signal_setup
ap_hook_mpm_get_name
ap_extended_status
apr_thread_mutex_lock
ap_hook_post_read_request
apr_atomic_cas32
ap_hook_pre_read_request
ap_queue_info_term
ap_queue_interrupt_one
sigemptyset
ap_max_requests_per_child
__gmon_start__
ap_log_error_
apr_allocator_max_free_set
ap_queue_create
strtol
ap_mpm_podx_open
apr_atomic_add32
memcpy
ap_unixd_mpm_get_retained_data
kill
ap_create_sb_handle
ap_setup_listeners
apr_atomic_casptr
ap_mpm_podx_close
apr_pollset_wakeup
ap_graceful_shutdown_timeout
apr_hash_make
ap_remove_pid
apr_socket_timeout_set
apr_psprintf
ap_retained_data_create
apr_atomic_read32
ap_set_listener
ap_malloc
ap_hook_check_config
apr_os_thread_current
apr_atomic_set32
ap_unixd_accept
apr_skiplist_set_compare
apr_socket_close
apr_threadattr_detach_set
apr_pool_cleanup_null
ap_run_drop_privileges
ap_set_receive_buffer_size
apr_sleep
apr_pollset_create_ex
apr_socket_opt_set
apr_threadattr_create
apr_skiplist_pop
apr_allocator_destroy
apr_pool_destroy
ap_log_command_line
ap_start_lingering_close
ap_close_listeners
apr_thread_create
apr_pollset_poll
ap_run_child_status
ap_get_server_description
apr_proc_detach
apr_thread_exit
ap_run_pre_mpm
ap_fatal_signal_child_setup
ap_reclaim_child_processes
ap_wait_or_timeout
apr_pollset_add
ap_log_cerror_
ap_log_pid
apr_proc_other_child_alert
ap_unixd_mpm_set_signals
ap_update_child_status_from_indexes
ap_queue_info_free_idle_pools
exit
apr_signal
apr_os_sock_get
ap_close_listeners_ex
ap_process_child_status
apr_signal_thread
_ITM_registerTMCloneTable
ap_queue_info_push_pool
ap_queue_info_create
ap_log_assert
ap_log_mpm_common
ap_pglobal
apr_thread_mutex_create
ap_hook_mpm_query
ap_run_suspend_connection
ap_get_conn_socket
apr_os_thread_get
ap_mpm_podx_check
ap_mpm_safe_kill
GLIBC_2.2.5
sigaddset
ap_queue_term
ap_state_query
fork
ap_hook_protocol_switch
apr_hash_get
apr_pool_pre_cleanup_register
ap_check_cmd_context
apr_thread_mutex_unlock
ap_update_sb_handle
__ctype_toupper_loc
getenv
free
semget
pthread_create
pthread_sigmask
strcasecmp
pthread_detach
__errno_location
fdatasync
unlink
strncmp
_ITM_deregisterTMCloneTable
stdout
localtime_r
_exit
strcpy
pthread_cond_broadcast
mkdir
writev
sigaction
stdin
setsockopt
shmdt
fcntl
setenv
write
sys_siglist
__h_errno_location
getpid
dup3
pthread_rwlock_init
pthread_cond_wait
readdir_r
getpeername
pthread_once
opendir
shutdown
sem_close
rmdir
strlen
__lxstat
getpwuid_r
pthread_rwlock_tryrdlock
chdir
pthread_mutexattr_destroy
__stack_chk_fail
getuid
pthread_attr_setguardsize
mmap
accept4
dup2
strchr
sem_unlink
pthread_setspecific
pthread_mutex_destroy
__fdelt_chk
pthread_mutexattr_init
modf
gai_strerror
strrchr
ftruncate
gmtime_r
dup
lseek
gettimeofday
__assert_fail
pthread_mutexattr_setprotocol
memset
geteuid
freopen
ioctl
getcwd
sendto
pthread_rwlock_trywrlock
close
rewinddir
pipe
getnameinfo
setsid
closedir
epoll_ctl
memchr
read
memcmp
pthread_attr_init
pthread_cond_signal
pthread_rwlock_wrlock
getsockopt
pthread_rwlock_rdlock
execve
utimes
calloc
strcmp
sem_wait
__memcpy_chk
fprintf
sigemptyset
mkfifo
__gmon_start__
if_nametoindex
strtol
sigfillset
memcpy
pthread_mutex_consistent_np
kill
getgid
select
__xstat
pthread_cond_init
pthread_attr_setdetachstate
dlopen
strerror_r
pthread_getspecific
pthread_mutex_unlock
pthread_mutexattr_settype
pthread_exit
malloc
nl_langinfo
getifaddrs
__fxstat
listen
recvfrom
sem_open
pthread_rwlock_unlock
mkstemp
getservbyname_r
sem_post
dlclose
pthread_attr_setstacksize
uuid_generate
setrlimit
sendfile
realloc
getgrgid_r
getpwnam_r
munmap
freeifaddrs
pthread_key_create
epoll_wait
poll
chmod
bind
strftime
memmove
fsync
pthread_self
setgid
pthread_cond_timedwait
waitpid
sem_trywait
getpass
pthread_cond_destroy
open
access
shmctl
fchown
sigdelset
perror
sysconf
pthread_join
rename
unsetenv
semctl
getsockname
shmat
shmget
pthread_attr_destroy
execvp
flock
sigwait
getgrnam_r
semop
gethostname
pthread_key_delete
link
exit
connect
fwrite
pthread_mutexattr_setrobust_np
pthread_mutexattr_setpshared
_ITM_registerTMCloneTable
setuid
ftok
getaddrinfo
pthread_yield
dlsym
pthread_rwlock_destroy
pthread_attr_getdetachstate
pthread_mutex_init
epoll_create1
GLIBC_2.2.5
sigaddset
execv
fork
pthread_mutex_lock
pthread_mutex_trylock
rand
dlerror
__ctype_tolower_loc
__ctype_b_loc
freeaddrinfo
stderr
socket
__recv
free
__libc_pwrite
pthread_create
pthread_sigmask
pthread_detach
fdatasync
unlink
_ITM_deregisterTMCloneTable
errno
__libc_fatal
pthread_cancel
pthread_setschedparam
fcntl
write
__mempcpy
getpid
pthread_once
strlen
__stack_chk_fail
getuid
pthread_setcancelstate
strchr
__gettimeofday
__assert_fail
__libc_pread
__clock_nanosleep
__register_atfork
__pthread_barrier_init
__pthread_unwind
read
pthread_attr_init
pthread_cond_signal
__pthread_get_minstack
calloc
sigemptyset
__gmon_start__
sigfillset
memcpy
__clock_getres
__clock_gettime
pthread_getschedparam
pthread_attr_setdetachstate
__libc_dlopen_mode
pthread_mutex_unlock
pthread_exit
malloc
__pthread_barrier_wait
pthread_attr_setstacksize
realloc
__libc_dlsym
fsync
pthread_self
pthread_cond_timedwait
open
pthread_attr_destroy
__socket
__shm_directory
_ITM_registerTMCloneTable
__fortify_fail
__close_nocancel
__clock_getcpuclockid
GLIBC_2.2.5
pthread_mutex_lock
__clock_settime
abort
__errno_location
strncmp
_ITM_deregisterTMCloneTable
_exit
__fpending
unlinkat
qsort
isatty
faccessat
fcntl
textdomain
fclose
bindtextdomain
dcgettext
__ctype_get_mb_cur_max
strlen
__lxstat
openat
__stack_chk_fail
getopt_long
mbrtowc
__fxstatat
__overflow
strrchr
lseek
__assert_fail
memset
geteuid
close
closedir
__libc_start_main
memcmp
fputs_unlocked
calloc
__getdelim
strcmp
dirfd
rpmatch
__gmon_start__
memcpy
fileno
__xstat
readdir
malloc
fflush
nl_langinfo
__fxstat
__freading
fchdir
realloc
setlocale
__printf_chk
mempcpy
memmove
error
open
fseeko
dcngettext
fdopendir
fstatfs
__cxa_atexit
exit
fwrite
__fprintf_chk
_ITM_registerTMCloneTable
mbsinit
iswprint
__ctype_b_loc
GLIBC_2.2.5
free
ap_register_auth_provider
strcasecmp
_ITM_deregisterTMCloneTable
apr_hash_set
ap_merge_per_dir_configs
apr_table_get
ap_walk_config
__stack_chk_fail
strrchr
apr_palloc
ap_escape_quotes
ap_lookup_provider
ap_getword_conf
__gmon_start__
apr_pstrdup
ap_create_per_dir_config
apr_hash_make
apr_psprintf
ap_auth_type
ap_hook_check_authn
ap_log_rerror_
apr_pstrcat
apr_dynamic_fn_register
apr_pstrndup
_ITM_registerTMCloneTable
GLIBC_2.2.5
apr_hash_get
ap_check_cmd_context
apr_proc_mutex_unlock
apr_array_make
strcasecmp
ap_server_root_relative
_ITM_deregisterTMCloneTable
apr_time_now
ap_get_server_name
apr_hash_set
apr_thread_rwlock_unlock
ap_hook_open_logs
ap_run_default_port
apr_table_get
ap_hook_pre_config
apr_itoa
apr_table_elts
strlen
apr_off_t_toa
__stack_chk_fail
apr_file_write_full
ap_get_remote_host
apr_strftime
ap_get_remote_logname
apr_pool_cleanup_register
apr_uri_unparse
apr_palloc
strspn
ap_piped_log_write_fd
apr_thread_mutex_lock
ap_hook_child_init
__gmon_start__
ap_log_error_
apr_table_setn
memcpy
apr_proc_mutex_lock
apr_month_snames
apr_pstrdup
ap_escape_logitem
ap_expr_exec
ap_hook_log_transaction
apr_hash_make
apr_snprintf
apr_psprintf
strncasecmp
ap_hook_check_config
apr_os_thread_current
apr_dynamic_fn_retrieve
ap_make_dirstr_parent
ap_explode_recent_localtime
apr_table_overlay
ap_getword
apr_array_push
apr_stat
apr_file_open
ap_open_piped_log
apr_table_make
ap_log_rerror_
ap_append_pid
apr_thread_rwlock_wrlock
apr_pstrcat
ap_expr_parse_cmd_mi
apr_dynamic_fn_register
ap_get_useragent_host
apr_thread_rwlock_rdlock
ap_mpm_query
_ITM_registerTMCloneTable
apr_file_write
apr_thread_mutex_create
ap_field_noparam
apr_strtok
GLIBC_2.2.5
apr_hash_get
__ctype_b_loc
ap_check_cmd_context
apr_thread_mutex_unlock
ap_varbuf_free
ap_register_auth_provider
ap_varbuf_init
_ITM_deregisterTMCloneTable
apr_pstrmemdup
apr_pool_create_ex
apr_table_get
apr_pool_clear
strlen
ap_varbuf_cfg_getline
__stack_chk_fail
ap_hook_optional_fn_retrieve
ap_pcfg_openfile
apr_palloc
ap_getword_conf
strcmp
__gmon_start__
apr_table_setn
ap_cfg_closefile
apr_dynamic_fn_retrieve
ap_expr_str_exec
ap_set_file_slot
ap_getword
apr_pool_destroy
apr_table_make
ap_log_rerror_
apr_pstrcat
ap_expr_parse_cmd_mi
_ITM_registerTMCloneTable
apr_is_empty_table
GLIBC_2.2.5
__ctype_b_loc
__errno_location
srandom
strncpy
_ITM_deregisterTMCloneTable
fcntl
write
getpid
fclose
dcgettext
strlen
__stack_chk_fail
getuid
rewind
nanosleep
ftruncate
gettimeofday
memset
fscanf
ioctl
close
read
memcmp
__tls_get_addr
syscall
__gmon_start__
umask
memcpy
time
random
fflush
fdopen
open
access
jrand48
strtoul
flock
getppid
connect
fwrite
__fprintf_chk
_ITM_registerTMCloneTable
getrandom
GLIBC_2.2.5
__ctype_b_loc
__sprintf_chk
socket
getenv
_ITM_deregisterTMCloneTable
apr_table_set
apr_table_elts
__stack_chk_fail
strchr
apr_table_unset
apr_palloc
__gmon_start__
ap_log_error_
apr_table_setn
apr_pstrdup
apr_table_copy
apr_table_overlay
ap_hook_fixups
apr_table_make
_ITM_registerTMCloneTable
apr_is_empty_table
apr_strtok
GLIBC_2.2.5
apr_ldap_url_parse_ext
apr_dso_unload
apr_proc_mutex_unlock
__ctype_toupper_loc
apr_dbd_transaction_end
apr_escape_ldap
apr_md4_update
getenv
apr_mcast_interface
apr_proc_mutex_cleanup
apr_hash_make_custom
apr_skiplist_replace_compare
apr_os_proc_mutex_put_ex
apr_ldap_get_option
apr_time_exp_get
apr_time_ansi_put
apr_bucket_transient_make
apr_socket_type_get
apr_socket_protocol_get
free
apr_punescape_hex
apr_dbm_open
apr_time_clock_hires
apr_skiplist_insert
putchar
apr_allocator_mutex_get
apr_reslist_timeout_set
apr_brigade_pflatten
apr_file_pool_get
apr_punescape_url
apr_file_data_set
strcasecmp
apr_procattr_perms_set_register
apr_base64_encode_binary
apr_siphash
apr_hash_this_key_len
abort
apr_pool_clear_debug
apr_bucket_alloc_aligned_floor
apr_proc_mutex_child_init
__errno_location
apr_os_exp_time_put
apr_hash_this_val
apr_thread_data_get
strncpy
apr_bucket_alloc_create
apr_redis_ping
apr_escape_path_segment
strncmp
apr_unescape_url
apr_punescape_entity
_ITM_deregisterTMCloneTable
apr_cstr_split_append
apr_memcache_disable_server
apr_dbd_prepare
apr_reslist_invalidate
apr_os_default_encoding
apr_dbd_error
apr_reslist_create
apr_file_link
apr_skiplist_add_index
strcpy
apr_global_mutex_lock
apr_file_mktemp
apr_file_open_flags_stdout
apr_hash_this_key
apr_skiplist_alloc
apr_file_dup
apr_os_shm_put
apr_match_glob
apr_pool_child_cleanup_set
apr_pescape_path
apr_xml_quote_elem
apr_allocator_owner_set
apr_os_threadkey_get
apr_sdbm_lock
puts
apr_thread_rwlock_unlock
apr_random_secure_bytes
apr_reslist_release
qsort
apr_md4_init
apr_file_open_stdin
apr_dbd_set_dbname
apr_mmap_create
apr_procattr_user_set
apr_atomic_sub32
apr_thread_pool_thread_max_set
sigaction
apr_escape_path
apr_redis_incr
apr_crypto_block_cleanup
apr_global_mutex_trylock
apr_pescape_echo
setsockopt
apr_os_pipe_put_ex
apr_mmap_delete
apr_sockaddr_ip_getbuf
apr_thread_pool_threshold_get
apr_cstr_strtoui64
apr_file_buffer_set
apr_threadattr_stacksize_set
apr_env_get
pcre_compile2
apr_thread_pool_top
write
apr_siphash48_auth
apr_escape_urlencoded
apr_dbd_init
apr_queue_interrupt_all
getpid
apr_os_file_put
apr_crypto_get_block_key_types
apr_bucket_pipe_make
apr_pollset_method_name
apr_skiplist_init
apr_hash_copy
apr_thread_pool_destroy
apr_pool_is_ancestor
apr_redis_disable_server
apr_file_namedpipe_create
apr_skiplist_height
apr_proc_mutex_pool_get
apr_siphash24_auth
apr_skiplist_remove_compare
apr_pool_create_ex_debug
apr_dbd_check_conn
apr_date_checkmask
apr_temp_dir_get
apr_memcache_add_server
apr_queue_term
apr_crypto_block_encrypt_init
apr_sdbm_firstkey
getloadavg
apr_dbd_open
apr_bucket_simple_copy
stpcpy
apr_thread_join
apr_threadkey_private_set
apr_dbd_get_name
apr_poll_method_defname
apr_crypto_make
apr_time_exp_tz
apr_pescape_ldap
apr_sockaddr_info_copy
strlen
apr_socket_pool_get
apr_skiplist_destroy
apr_md4_final
apr_memcache_find_server_hash_default
apr_ldap_init
apr_setup_signal_thread
apr_rmm_free
apr_cstr_split
apr_password_validate
apr_dbm_store
__stack_chk_fail
apr_dbm_exists
apr_thread_pool_thread_max_get
apr_bucket_pipe_create
apr_skiplist_remove_all
apr_ldap_set_option
apr_memcache_hash_default
apr_dir_make
apr_mmap_dup
apr_thread_rwlock_trywrlock
apr_cstr_casecmp
apr_xlate_conv_buffer
apr_bucket_shared_split
apr_os_imp_time_put
apr_skiplist_peek
strchr
apr_shm_delete
apr_procattr_limit_set
apr_file_write_full
apr_bucket_heap_make
apr_sdbm_store
apr_redis_getp
apr_optional_hook_get
apr_os_exp_time_get
apr_terminate2
apr_thread_once
apr_thread_pool_tasks_count
apr_crypto_equals
apr_os_sock_make
apr_os_imp_time_get
apr_dbd_pvselect
strrchr
apr_thread_rwlock_create
apr_os_uuid_get
apr_ldap_rebind_init
apr_pool_create_unmanaged_ex_debug
apr_pollset_create
apr_sha1_update_binary
apr_memcache_find_server
apr_crypto_error
apr_memcache_set
apr_md4_set_xlate
apr_mcast_loopback
apr_table_vdo
apr_shm_create_ex
apr_thread_once_init
apr_table_clone
apr_shm_pool_get
apr_file_buffer_size_get
apr_thread_pool_task_owner_get
pcre_exec
apr_pollcb_add
apr_dbd_native_handle
apr_pool_destroy_debug
apr_dbd_name
apr_rmm_realloc
apr_pollset_destroy
memset
apr_atomic_init
geteuid
freopen
apr_bucket_immortal_make
apr_dbm_geterror
apr_queue_size
apr_bucket_destroy_noop
apr_allocator_mutex_set
apr_bucket_setaside_notimpl
apr_redis_find_server
apr_rmm_detach
apr_pescape_entity
apr_skiplist_free
apr_crypto_get_block_key_modes
apr_skiplist_replace
apr_uid_get
strspn
apr_memcache_incr
apu_version
apr_memcache_decr
apr_pollset_remove
apr_file_open_flags_stdin
apr_reslist_maintain
apr_memcache_stats
apr_skiplist_preheight
apr_os_shm_get
apr_ldap_ssl_init
apr_thread_pool_busy_count
apr_dbd_transaction_mode_set
apr_os_proc_mutex_put
apr_os_proc_mutex_get_ex
apr_proc_mutex_destroy
apr_thread_cond_pool_get
apr_ldap_rebind_add
read
__libc_start_main
memcmp
apr_redis_find_server_hash
apr_pescape_shell
apr_thread_rwlock_pool_get
apr_file_writev
apr_redis_info
apr_base64_decode_binary
apr_queue_push
apr_skiplist_add_compare
apr_redis_hash_crc32
apr_brigade_putc
apr_memcache_delete
apr_skiplist_remove_node
apr_password_get
calloc
apr_uid_current
strcmp
apr_thread_pool_idle_max_get
apr_uri_port_of_scheme
apr_cstr_atoui
apr_shm_attach_ex
pcre_fullinfo
apr_crypto_block_encrypt_finish
apr_ldap_url_parse
apr_allocator_owner_get
apr_redis_stats
getpwnam
apr_cstr_strtoi64
apr_queue_create
apr_dbm_freedatum
apr_thread_detach
apr_filepath_encoding
apr_skiplist_element
apr_thread_pool_schedule
apr_pool_create_unmanaged_ex
syscall
sigemptyset
apr_dir_remove
apr_threadattr_detach_get
apr_proc_other_child_refresh
apr_socket_data_get
apr_memcache_hash
apr_crypto_sha256_new
__gmon_start__
apr_hash_do
apr_uuid_parse
apr_sha1_base64
apr_allocator_max_free_set
apr_bucket_eos_make
apr_memcache_multgetp
apr_file_lock
apr_md4
apr_uuid_get
strtol
apr_pollcb_method_name
apr_file_attrs_set
apr_skiplist_last_compare
apr_dbd_open_ex
apr_filepath_list_merge
memcpy
apr_mcast_hops
apr_dbd_transaction_start
apr_crypto_driver_name
apr_env_delete
apr_signal_unblock
getgrnam
apr_rmm_overhead_get
apr_redis_hash
apr_dbd_pbselect
apr_dir_rewind
apr_skiplist_add
apr_dbm_close
apr_proc_mutex_lock
apr_rmm_init
apr_threadkey_data_set
apr_palloc_debug
apr_dbm_get_usednames_ex
kill
apr_bucket_alloc_destroy
apr_thread_pool_threshold_set
apr_pool_terminate
apr_collapse_spaces
apr_dbd_datum_get
apr_dbm_delete
apr_redis_find_server_hash_default
apr_bucket_socket_make
apr_reslist_acquired_count
apr_dbd_pselect
apr_array_copy_hdr
apr_os_thread_put
apr_crypto_get_driver
apr_mcast_join
apr_bucket_file_create
apr_pollset_wakeup
apr_queue_trypop
apr_siphash48
apr_crypto_clear
apr_dbm_fetch
apr_threadattr_guardsize_set
apr_thread_pool_tasks_cancel
apr_bucket_split_notimpl
apr_ldap_is_ldaps_url
apr_file_unlock
apr_ldap_rebind_remove
apr_skiplist_last
apr_socket_recvfrom
apr_skiplist_previous
apr_socket_data_set
malloc
strncasecmp
apr_sdbm_nextkey
apr_hash_count
apr_reslist_destroy
apr_file_datasync
apr_thread_pool_scheduled_tasks_count
apr_dbd_pvquery
apr_memcache_enable_server
apr_skiplist_next
apr_rmm_offset_get
apr_dbd_num_tuples
apr_rmm_malloc
apr_rmm_calloc
apr_bucket_flush_make
apr_md5_encode
apr_rmm_attach
apr_cstr_atoi64
apr_xml_quote_string
apr_xml_empty_elem
apr_pcalloc_debug
apr_file_mtime_set
apr_redis_create
apr_global_mutex_unlock
apr_procattr_addrspace_set
sscanf
apr_procattr_group_set
apr_skiplist_set_compare
apr_thread_pool_get
apr_text_append
apr_memcache_find_server_hash
apr_cstr_skip_prefix
apr_table_getm
apr_dbd_pquery
apr_file_eof
apr_thread_mutex_trylock
apr_cstr_match_glob_list
apr_threadkey_private_create
apr_socket_inherit_unset
apr_bucket_shared_copy
apr_threadattr_detach_set
apr_dbd_escape
apr_sdbm_unlock
apr_dbd_pvbselect
apr_pool_cleanup_null
strpbrk
apr_xml_insert_uri
apr_mmap_offset
apr_pollcb_wakeup
apr_global_mutex_destroy
apr_thread_pool_create
apr_dbm_firstkey
apr_crypto_init
apr_crypto_block_decrypt_finish
apr_file_writev_full
apr_os_dir_put
apr_socket_atmark
apr_proc_fork
apr_redis_delete
apr_bucket_pool_make
apr_pollset_create_ex
apr_threadattr_create
apr_ldap_is_ldapi_url
apr_cstr_casecmpn
apr_hashfunc_default
apr_socket_inherit_set
chown
apr_pool_create_core_ex
apr_global_mutex_child_init
apr_os_threadkey_put
realloc
apr_dbd_num_cols
apr_hash_clear
apr_env_set
apr_skiplist_pop
apr_allocator_destroy
apr_sdbm_rdonly
apr_crypto_block_encrypt
apr_sockaddr_is_wildcard
apr_crypto_memzero
apr_file_putc
apr_time_exp_gmt_get
apr_cstr_atoi
apr_crypto_shutdown
apr_pool_initialize
__printf_chk
apr_memcache_add
apr_skiplist_getlist
apr_uid_homepath_get
apr_file_pipe_create_pools
apr_strnatcmp
apr_procattr_child_out_set
apr_pollcb_remove
apr_xlate_close
apr_escape_shell
apr_redis_setex
apr_os_dir_get
apr_thread_yield
apr_dbm_open_ex
apr_brigade_to_iovec
apr_memcache_server_create
memmove
__syslog_chk
apr_thread_pool_threads_count
apr_os_thread_equal
apr_version
apr_thread_data_set
apr_socket_sendto
apr_crypto_key
apr_filepath_list_split
apr_xlate_open
apr_pool_create_core_ex_debug
apr_file_data_get
apr_ldap_ssl_deinit
apr_skiplist_find
apr_reslist_cleanup_order_set
apr_redis_server_create
apr_bucket_setaside_noop
apr_thread_create
apr_pollset_poll
apr_bucket_alloc_create_ex
apr_memcache_getp
getpgrp
apr_random_secure_ready
apr_random_init
apr_proc_detach
apr_dir_make_recursive
apr_thread_exit
apr_file_open_flags_stderr
apr_bucket_copy_notimpl
apr_memcache_version
apr_md5_set_xlate
apr_memcache_replace
apr_pollcb_poll
apr_escape_entity
apr_dbd_get_row
apr_memcache_add_multget_key
times
apr_redis_add_server
apr_redis_decr
apr_redis_version
apr_cstr_count_newlines
apr_os_dso_handle_get
apr_sdbm_delete
apr_global_mutex_name
apr_rmm_addr_get
apr_sdbm_close
apr_redis_enable_server
apr_unescape_entity
sysconf
apr_brigade_split
apr_bucket_mmap_make
apr_pollset_add
apr_thread_rwlock_wrlock
apr_shm_attach
apr_dbd_get_entry
apr_bucket_file_set_buf_size
apr_thread_pool_idle_max_set
apr_skiplist_size
apr_dbd_select
apr_hash_merge
apr_ldap_is_ldap_url
apr_dbd_get_driver
apr_thread_mutex_pool_get
apr_rmm_destroy
apr_brigade_printf
apr_cstr_atoui64
semctl
apr_siphash24
apr_crypto_passphrase
apr_siphash_auth
apr_proc_other_child_alert
apr_pescape_hex
apr_xml_parse_file
__cxa_atexit
apr_proc_mutex_defname
apr_atomic_xchgptr
apr_dbd_pbquery
apr_os_dso_handle_put
apr_filepath_get
getpgid
apr_proc_mutex_mech
apr_os_locale_encoding
openlog
apr_unescape_hex
apr_ldap_info
apr_crypto_block_decrypt
apr_pool_cleanup_for_exec
apr_allocator_align
apr_pescape_urlencoded
apr_getservbyname
apr_strfsize
apr_bucket_simple_split
apr_escape_hex
exit
apr_bcrypt_encode
apr_signal_block
apr_pollcb_create
apr_redis_set
apr_socket_atreadeof
__fprintf_chk
apr_thread_rwlock_rdlock
apr_thread_pool_idle_count
apr_dbm_get_usednames
apr_crypto_cleanup
getrlimit
apr_strnatcasecmp
apr_thread_cond_timedwait
apr_signal_thread
_ITM_registerTMCloneTable
apr_gid_get
apr_dbd_transaction_mode_get
apr_file_perms_set
apr_mcast_leave
apr_xlate_sb_get
apr_thread_pool_push
apr_proc_mutex_trylock
apr_redis_multgetp
apr_initialize
apr_file_sync
apr_os_sock_put
apr_threadkey_private_get
apr_crypto_block_decrypt_init
apr_sdbm_fetch
apr_skiplist_set_preheight
apr_xml_to_text
apr_file_setaside
apr_redis_hash_default
apr_thread_rwlock_tryrdlock
apr_sdbm_open
apr_file_inherit_set
apr_file_name_get
apr_dbd_close
apr_getopt_long
apr_dbd_pvbquery
apr_uuid_format
apr_os_thread_get
apr_skiplist_insert_compare
apr_file_trunc
apr_cstr_tokenize
apr_skiplist_find_compare
apr_escape_echo
apr_xlate_conv_byte
apr_file_copy
apr_dbm_nextkey
apr_reslist_acquire
apr_threadkey_data_get
apr_global_mutex_mech
apr_skiplist_remove
apr_bucket_heap_create
apr_dbd_query
apr_file_pipe_timeout_get
apr_pescape_path_segment
strstr
apr_file_ungetc
apr_memcache_hash_crc32
apr_thread_rwlock_destroy
apr_memcache_create
apr_queue_trypush
apr_global_mutex_lockfile
apr_atomic_xchg32
apr_skiplist_merge
__ctype_tolower_loc
apr_queue_pop
apr_file_append
apr_threadkey_private_delete
apr_md5
__ctype_b_loc
apr_bucket_file_make
apr_cstr_match_list
apr_file_rename
apr_global_mutex_pool_get
apr_random_barrier
apr_procattr_detach_set
apr_pollcb_create_ex
apr_os_pipe_put
apr_brigade_split_line
apr_socket_sendv
apr_date_parse_http
apr_proc_mutex_create
apr_pool_cleanup_run
apr_ctime
apr_file_read_full
apr_file_remove
apr_file_write
apr_os_file_get
apr_strmatch_precompile
apr_pool_abort_set
apr_socket_shutdown
apr_proc_mutex_name
apr_table_setn
apr_brigade_split_ex
apr_array_make
apr_psprintf
apr_brigade_partition
apr_hash_make
apr_thread_cond_wait
apr_pvsprintf
apr_file_open_stderr
apr_procattr_child_err_set
apr_strtoi64
apr_xml_parser_create
apr_procattr_error_check_set
apr_file_close
apr_random_insecure_ready
apr_socket_opt_get
apr_allocator_create
apr_pool_userdata_set
apr_dir_read
apr_file_read
apr_hook_debug_show
apr_thread_mutex_create
apr_base64_encode_len
apr_os_thread_current
apr_file_pipe_timeout_set
apr_hook_sort_all
apr_md5_final
apr_stat
apr_pool_note_subprocess
apr_hash_get
apr_poll
apr_brigade_flatten
apr_table_addn
apr_proc_kill
apr_pstrmemdup
apr_app_initialize
apr_sleep
apr_file_pipe_create_ex
apr_tokenize_to_argv
apr_brigade_create
apr_md5_update
apr_bucket_socket_create
apr_sha1_update
apr_off_t_toa
apr_ipsubnet_create
apr_dir_close
apr_file_inherit_unset
apr_sockaddr_ip_get
apr_table_copy
apr_vformatter
apr_table_overlap
apr_proc_mutex_lockfile
apr_bucket_flush_create
apr_table_overlay
apr_is_empty_array
apr_socket_recv
apr_filepath_root
apr_getopt_init
apr_socket_addr_get
apr_file_flush
apr_getnameinfo
apr_pmemdup
apr_hash_this
apr_shm_destroy
apr_procattr_io_set
apr_brigade_vprintf
apr_procattr_dir_set
apr_brigade_length
apr_atomic_inc32
apr_sha1_init
apr_atomic_set32
apr_pstrcatv
apr_atomic_cas32
apr_array_push
apr_dso_load
apr_bucket_mmap_create
apr_itoa
apu_version_string
apr_dso_sym
apr_pool_destroy
apr_os_proc_mutex_get
apr_random_after_fork
apr_thread_cond_signal
apr_time_exp_lt
apr_brigade_cleanup
apr_hash_pool_get
apr_palloc
apr_file_pipe_create
apr_shm_create
apr_table_add
apr_strftime
apr_xml_parser_done
apr_socket_listen
apr_date_parse_rfc
apr_uri_unparse
apr_brigade_vputstrs
apr_file_open_stdout
apr_allocator_free
apr_pool_pre_cleanup_register
apr_socket_bind
apr_random_add_entropy
apr_signal_description_get
apr_time_exp_gmt
apr_pstrndup
apr_brigade_insert_file
apr_bucket_free
apr_thread_cond_create
apr_base64_decode
apr_procattr_child_errfn_set
apr_pool_create_ex
apr_dynamic_fn_register
apr_brigade_puts
apr_shm_remove
apr_atomic_dec32
apr_socket_opt_set
apr_bucket_shared_destroy
apr_socket_connect
apr_socket_timeout_get
apr_pool_allocator_get
apr_sockaddr_equal
apr_dir_open
apr_signal
apr_array_copy
apr_file_open
apr_sha1_final
apr_hash_set
apr_socket_create
apr_snprintf
apr_strerror
apr_sockaddr_info_get
apr_atomic_add32
apr_socket_sendfile
apr_strtoff
apr_table_mergen
apr_thread_mutex_lock
apr_proc_create
apr_uri_parse
apr_file_flags_get
apr_global_mutex_create
apr_rfc822_date
apr_proc_other_child_register
apr_md5_init
apr_table_get
apr_vsnprintf
apr_proc_other_child_unregister
apr_bucket_alloc
apr_table_merge
apr_pool_cleanup_register
apr_pool_userdata_setn
apr_thread_cond_destroy
apr_table_clear
apr_hash_overlay
apr_dynamic_fn_retrieve
apr_ipsubnet_test
apr_procattr_child_in_set
apr_array_pstrcat
apr_filepath_merge
apr_fnmatch
apr_allocator_alloc
apr_brigade_write
apr_strtok
apr_atoi64
apr_brigade_destroy
apr_brigade_putstrs
apr_atomic_casptr
apr_pool_cleanup_kill
apr_pool_abort_get
apr_bucket_shared_make
apr_dso_error
apr_shm_baseaddr_get
apr_array_cat
apr_table_elts
apr_proc_other_child_refresh_all
apr_file_seek
apr_bucket_transient_create
apr_socket_accept
apr_procattr_create
apr_gid_name_get
apr_pool_tag
apr_array_clear
apr_file_info_get
apr_is_empty_table
apr_shm_detach
apr_bucket_file_enable_mmap
apr_os_global_mutex_get
apr_terminate
apr_table_compress
apr_table_make
apr_proc_wait_all_procs
apr_bucket_eos_create
apr_generate_random_bytes
apr_pool_userdata_get
apr_gethostname
apr_pool_parent_get
apr_filepath_name_get
apr_file_dup2
apr_getopt
apr_time_now
apr_hook_sort_register
apr_version_string
apr_base64_decode_len
apr_array_pop
apr_pstrdup
apr_optional_hook_add
apr_pool_clear
apr_brigade_writev
apr_ltoa
apr_atomic_read32
apr_socket_close
apr_file_printf
apr_xml_parser_geterror
apr_thread_cond_broadcast
apr_socket_timeout_set
apr_random_insecure_bytes
apr_random_standard_new
apr_uri_parse_hostinfo
apr_table_unset
apr_base64_encode
apr_thread_mutex_destroy
apr_fnmatch_test
apr_file_getc
apr_hash_first
apr_procattr_cmdtype_set
apr_file_gets
apr_array_append
apr_hash_next
apr_hook_deregister_all
apr_socket_send
apr_parse_addr_port
apr_table_do
apr_bucket_pool_create
apr_thread_mutex_unlock
apr_file_puts
apr_uid_name_get
apr_bucket_immortal_create
apr_filepath_set
GLIBC_2.2.5
apr_proc_wait
apr_os_sock_get
apr_shm_size_get
apr_table_set
apr_cpystrn
apr_xml_parser_feed
apr_pstrcat
__libpthread_freeres
_rtld_global
__libc_enable_secure
__tls_get_addr
_dl_exception_create
_rtld_global_ro
__tunable_get_val
_dl_find_dso_for_object
_dl_starting_up
__libdl_freeres
_dl_argv
__ctype_toupper_loc
free
strncmp
_ITM_deregisterTMCloneTable
strlen
__stack_chk_fail
mmap
strchr
memset
memcmp
strcmp
__memcpy_chk
__gmon_start__
memcpy
pthread_mutex_unlock
malloc
munmap
madvise
memmove
sysconf
_ITM_registerTMCloneTable
GLIBC_2.2.5
pthread_mutex_lock
__ctype_tolower_loc
__ctype_b_loc
ap_get_scoreboard_process
ap_exists_scoreboard_image
ap_get_server_built
_ITM_deregisterTMCloneTable
apr_time_now
ap_rprintf
ap_get_server_name
ap_get_loadavg
ap_hook_handler
getpid
ap_scoreboard_image
ap_hook_pre_config
strlen
ap_show_mpm
__stack_chk_fail
ap_set_content_type
apr_optional_hook_get
apr_ltoa
ap_hook_post_config
ap_psignature
apr_palloc
ap_copy_scoreboard_worker
ap_extended_status
ap_hook_child_init
__gmon_start__
apr_table_setn
strtol
ap_escape_logitem
ap_get_scoreboard_global
ap_escape_html2
ap_ht_time
ap_get_server_description
ap_log_rerror_
sysconf
ap_rwrite
ap_rputc
ap_mpm_query
_ITM_registerTMCloneTable
GLIBC_2.2.5
ap_rvputs
ap_state_query
strstr
__asprintf
free
__pthread_key_create
_ITM_deregisterTMCloneTable
__pthread_getspecific
strcpy
__stack_chk_fail
_dl_catch_error
GLIBC_2.2.5
calloc
__dcgettext
__gmon_start__
GLIBC_2.2.5
_rtld_global_ro
_dl_signal_error
_dl_vsym
__pthread_once
_dl_addr
_libc_intl_domainname
_dl_sym
_dl_rtld_di_serinfo
__environ
_ITM_registerTMCloneTable
__pthread_setspecific
strerror
_rtld_global
GLIBC_2.2.5
free
abort
__errno_location
strncmp
_ITM_deregisterTMCloneTable
_exit
__fpending
textdomain
strtod_l
fclose
bindtextdomain
dcgettext
__ctype_get_mb_cur_max
strlen
__stack_chk_fail
getopt_long
mbrtowc
newlocale
nanosleep
strrchr
lseek
memset
__libc_start_main
memcmp
fputs_unlocked
calloc
__gmon_start__
memcpy
fileno
malloc
fflush
nl_langinfo
__freading
realloc
setlocale
__printf_chk
error
fseeko
__cxa_atexit
exit
fwrite
__fprintf_chk
_ITM_registerTMCloneTable
mbsinit
iswprint
__ctype_b_loc
GLIBC_2.2.5
ap_register_auth_provider
strcasecmp
apr_pmemdup
_ITM_deregisterTMCloneTable
ap_hook_check_access_ex
apr_hash_set
ap_merge_per_dir_configs
ap_method_number_of
apr_table_get
ap_hook_pre_config
ap_walk_config
strlen
__stack_chk_fail
ap_note_auth_failure
strrchr
apr_table_unset
apr_palloc
ap_set_flag_slot_char
ap_lookup_provider
apr_pool_userdata_get
ap_getword_conf
apr_pool_userdata_setn
__gmon_start__
ap_log_error_
apr_table_setn
ap_expr_exec
ap_create_per_dir_config
apr_hash_make
apr_psprintf
ap_hook_check_config
ap_auth_type
apr_pool_cleanup_null
ap_hook_check_authz
ap_expr_lookup_default
ap_log_rerror_
apr_pstrcat
ap_expr_parse_cmd_mi
apr_dynamic_fn_register
apr_pstrndup
_ITM_registerTMCloneTable
GLIBC_2.2.5
apr_hash_get
ap_check_cmd_context
__snprintf_chk
free
__vfprintf_chk
strverscmp
abort
__errno_location
unlink
strncpy
strncmp
_ITM_deregisterTMCloneTable
stdout
strcpy
sendmsg
puts
qsort
fts_set
fread
fsetxattr
stdin
umount
fcntl
write
umount2
__open_2
pcre_version
fclose
lgetxattr
opendir
stpcpy
strlen
mount
__lxstat
__stack_chk_fail
mmap
fts_close
strchr
rewind
GLIBC_2.2.5
snprintf
strrchr
fts_read
uname
dirname
__assert_fail
pcre_exec
fnmatch
memset
scandir
close
__realpath_chk
closedir
alphasort
strtok_r
sched_yield
read
strndup
memcmp
fgets
__tls_get_addr
getsockopt
execve
__asprintf_chk
calloc
__getdelim
strcmp
pcre_fullinfo
fts_open
pthread_key_create
syscall
__gmon_start__
strtol
realpath
memcpy
__xpg_basename
fileno
statfs
__xstat
readdir
pthread_once
dlopen
fgets_unlocked
GLIBC_2.2.5
pcre_compile
malloc
strncasecmp
fflush
__fsetlocking
__fxstat
recvfrom
sscanf
lsetxattr
pthread_setspecific
mkstemp
fgetxattr
statvfs
dlclose
realloc
__strcpy_chk
pcre_free_study
getpwnam_r
munmap
__printf_chk
pthread_key_delete
fchmod
poll
bind
readv
__syslog_chk
removexattr
getgrouplist
pcre_study
open
access
fopen
perror
strtok
sysconf
rename
__lxstat64
getgrnam_r
getxattr
connect
fwrite
__fprintf_chk
setxattr
_ITM_registerTMCloneTable
strdup
strerror
dlsym
pcre_free
GLIBC_2.2.5
GLIBC_2.2.5
strstr
GLIBC_2.2.5
dlerror
__ctype_b_loc
stderr
__sprintf_chk
socket
__asprintf
free
__pthread_key_create
_ITM_deregisterTMCloneTable
__pthread_getspecific
strcpy
__stack_chk_fail
_dl_catch_error
GLIBC_2.2.5
calloc
__dcgettext
__gmon_start__
GLIBC_2.2.5
_rtld_global_ro
_dl_signal_error
_dl_vsym
__pthread_once
_dl_addr
_libc_intl_domainname
_dl_sym
_dl_rtld_di_serinfo
__environ
_ITM_registerTMCloneTable
__pthread_setspecific
strerror
_rtld_global
GLIBC_2.2.5
ap_register_auth_provider
strcasecmp
_ITM_deregisterTMCloneTable
apr_pstrmemdup
apr_hash_set
apr_ipsubnet_create
ap_hook_pre_config
strlen
__stack_chk_fail
strchr
ap_hook_post_config
memset
apr_palloc
ap_getword_conf
__gmon_start__
apr_pstrdup
apr_hash_make
apr_psprintf
ap_expr_str_exec
apr_sockaddr_info_get
ap_log_rerror_
apr_pstrcat
ap_expr_parse_cmd_mi
apr_sockaddr_equal
ap_get_useragent_host
apr_ipsubnet_test
_ITM_registerTMCloneTable
GLIBC_2.2.5
apr_hash_get
__libc_siglongjmp
__tsearch
__clone
free
__getrlimit
abort
unlink
_ITM_deregisterTMCloneTable
_exit
__sched_getscheduler
__libc_dlclose
errno
__libc_fatal
__statfs
__sched_get_priority_max
__mempcpy
__resp
getpid
__sigtimedwait
__mmap
fclose
strlen
__getpid
__stack_chk_fail
__libc_system
getuid
mmap
strchr
__munmap
__gettimeofday
__assert_fail
memset
__libc_fork
_IO_enable_locks
__write_nocancel
__register_atfork
sched_yield
_dl_deallocate_tls
__call_tls_dtors
__sched_getparam
_setjmp
calloc
__getdelim
__getmntent_r
__fxstat64
__libc_stack_end
strcmp
__libc_thread_freeres
__endmntent
memcpy
__mprotect
_rtld_global_ro
__clock_gettime
__libc_fcntl64
prctl
__nanosleep_nocancel
__libc_current_sigrtmax_private
__tdelete
__sched_setscheduler
__libc_dlopen_mode
__getpagesize
malloc
__read_nocancel
_dl_make_stack_executable
__libc_pthread_init
__ctype_init
sscanf
realloc
__libc_dlsym
__tfind
munmap
__open64_nocancel
__libc_current_sigrtmin_private
__libc_vfork
__madvise
__pause_nocancel
__h_errno
fopen
__mktemp
__twalk
_dl_allocate_tls
__setmntent
__tunable_get_val
sched_setparam
_dl_get_tls_static_info
sprintf
link
exit
getrlimit
_ITM_registerTMCloneTable
__libc_alloca_cutoff
_dl_allocate_tls_init
__close_nocancel
_rtld_global
__libc_allocate_rtsig_private
__libc_longjmp
GLIBC_2.2.5
__sched_get_priority_min
__strtold_nan
__errno_location
_ITM_deregisterTMCloneTable
errno
qsort
__strtod_nan
__stack_chk_fail
__strtof128_nan
__assert_fail
fputs
__gmon_start__
_rtld_global_ro
__strtof_nan
fwrite
_ITM_registerTMCloneTable
GLIBC_2.2.5
stderr
_res_hconf
__uflow
__libc_alloc_buffer_alloc_array
free
strncpy
strncmp
_ITM_deregisterTMCloneTable
strcpy
errno
inet_network
__pthread_mutex_unlock
__resp
__libc_scratch_buffer_grow
_nss_files_parse_pwent
fclose
strlen
__stack_chk_fail
strchr
fgetpos
rewind
__assert_fail
__strtok_r
memcmp
xdecrypt
__pthread_mutex_lock
__getdelim
strcmp
__gmon_start__
memcpy
inet_pton
__stpcpy
fgets_unlocked
__libc_dynarray_emplace_enlarge
__libc_alloc_buffer_copy_string
ungetc
strpbrk
realloc
__strtoull_internal
fopen
__strcasecmp
fsetpos
__libc_readline_unlocked
__libc_alloc_buffer_create_failure
_nss_files_parse_sgent
_ITM_registerTMCloneTable
strdup
_nss_files_parse_spent
GLIBC_2.2.5
_nss_files_parse_grent
__fseeko64
__ctype_b_loc
_ITM_deregisterTMCloneTable
apr_pstrmemdup
strlen
__stack_chk_fail
ap_regexec
ap_pregfree
__gmon_start__
strtol
apr_psprintf
ap_get_server_revision
ap_pregcomp
ap_soak_end_container
ap_build_cont_config
apr_pstrcat
_ITM_registerTMCloneTable
GLIBC_2.2.5
__ctype_b_loc
strcasecmp
ap_bucket_type_eor
_ITM_deregisterTMCloneTable
apr_time_now
__stack_chk_fail
strchr
ap_strcasestr
ap_get_brigade
apr_palloc
apr_poll
apr_brigade_create
ap_getword_conf
ap_hook_post_read_request
ap_hook_pre_read_request
ap_register_input_filter
__gmon_start__
apr_table_setn
strtol
apr_bucket_type_eos
ap_register_output_filter
apr_socket_timeout_set
apr_psprintf
apr_brigade_cleanup
ap_hook_process_connection
apr_brigade_write
ap_log_cerror_
ap_add_input_filter
apr_socket_timeout_get
apr_pstrndup
apr_brigade_length
_ITM_registerTMCloneTable
ap_pass_brigade
ap_get_conn_socket
ap_add_output_filter
GLIBC_2.2.5
apr_dso_unload
apr_proc_mutex_unlock
__strcat_chk
apr_hash_first
apr_time_exp_get
apr_array_make
free
apr_dso_error
apr_file_pool_get
strcasecmp
apr_atomic_inc32
abort
XML_GetErrorCode
__errno_location
apr_thread_data_get
apr_file_read_full
strncmp
_ITM_deregisterTMCloneTable
stdout
apr_pstrmemdup
apr_os_default_encoding
apr_time_now
XML_SetEntityDeclHandler
apr_hash_set
iconv
apr_pool_parent_get
apr_thread_rwlock_unlock
qsort
apr_mmap_create
XML_ParserCreate
apr_allocator_free
apr_cpystrn
apr_mmap_delete
apr_thread_cond_signal
apr_pool_create_ex
apr_env_get
apr_pool_clear
apr_pool_is_ancestor
crypt_r
apr_pool_abort_get
apr_atomic_dec32
apr_thread_join
strlen
apr_file_info_get
apr_pool_cleanup_kill
__stack_chk_fail
apr_dso_sym
apr_mmap_dup
apr_file_seek
strchr
apr_file_write_full
apr_vformatter
strrchr
apr_socket_connect
apr_os_uuid_get
apr_pollset_create
__assert_fail
apr_pool_cleanup_register
fputs
apr_hash_this
XML_SetCharacterDataHandler
apr_pollset_destroy
memset
XML_ParserFree
apr_thread_cond_create
apr_thread_mutex_destroy
XML_SetUserData
apr_palloc
apr_thread_cond_wait
XML_StopParser
apr_pollset_remove
fputc
memchr
srand
memcmp
XML_Parse
apr_socket_recv
calloc
apr_thread_mutex_lock
apr_file_read
strcmp
apr_thread_detach
__gmon_start__
apr_file_lock
apr_file_close
strtol
memcpy
apr_pool_allocator_get
apr_proc_mutex_lock
apr_pstrdup
apr_socket_create
apr_hash_make
apr_socket_timeout_set
apr_snprintf
apr_file_unlock
apr_psprintf
apr_file_pipe_timeout_set
apr_atomic_read32
malloc
strncasecmp
apr_hash_count
apr_os_thread_current
apr_atomic_set32
apr_thread_cond_destroy
apr_socket_close
apr_pool_cleanup_null
apr_mmap_offset
apr_file_flags_get
apr_sleep
apr_thread_cond_broadcast
apr_time_exp_gmt_get
apr_sockaddr_info_get
apr_array_push
apr_pool_destroy
__printf_chk
iconv_close
XML_ErrorString
apr_hash_pool_get
memmove
apr_file_open
apr_os_thread_equal
apr_thread_data_set
apr_filepath_list_split
apr_thread_create
apr_pollset_poll
__explicit_bzero_chk
apr_thread_exit
XML_SetElementHandler
apr_pollset_add
apr_thread_rwlock_wrlock
apr_pstrcat
apr_socket_timeout_get
apr_os_locale_encoding
apr_hash_next
apr_allocator_align
apr_pstrndup
apr_pool_cleanup_run
fwrite
apr_socket_sendv
apr_thread_rwlock_rdlock
apr_atoi64
__strncat_chk
apr_thread_cond_timedwait
_ITM_registerTMCloneTable
apr_generate_random_bytes
apr_file_setaside
apr_thread_mutex_create
apr_file_name_get
apr_strtok
apr_os_thread_get
apr_allocator_alloc
GLIBC_2.2.5
apr_file_pipe_timeout_get
strstr
rand
__ctype_tolower_loc
apr_hash_get
apr_pool_pre_cleanup_register
__ctype_b_loc
iconv_open
apr_thread_mutex_unlock
__sprintf_chk
apr_dso_load
sigprocmask
raise
free
strcasecmp
abort
__errno_location
_ITM_deregisterTMCloneTable
_exit
strcpy
qsort
isatty
sigaction
strtod
strchrnul
faccessat
fcntl
write
getpid
__strtol_internal
__xstat64
wait3
opendir
stpcpy
strlen
chdir
__stack_chk_fail
getuid
dup2
strchr
__strtoul_internal
fnmatch
memset
geteuid
getcwd
close
pipe
strspn
closedir
strcspn
read
__libc_start_main
_setjmp
execve
__fxstat64
strcmp
signal
getpwnam
__gmon_start__
umask
strtol
sigfillset
memcpy
kill
getgid
tcgetpgrp
__xstat
readdir
malloc
killpg
getegid
strpbrk
sigsuspend
__vsnprintf_chk
setrlimit
strsignal
realloc
stpncpy
sigsetmask
__longjmp_chk
open64
mempcpy
memmove
setgid
getpgrp
tcsetpgrp
open
times
strtok
sysconf
__lxstat64
setpgid
getppid
getrlimit
_ITM_registerTMCloneTable
setuid
strdup
strerror
fork
__ctype_b_loc
GLIBC_2.2.5
strstr
__recv
free
__libc_pwrite
pthread_create
pthread_sigmask
pthread_detach
fdatasync
unlink
_ITM_deregisterTMCloneTable
errno
__libc_fatal
pthread_cancel
pthread_setschedparam
fcntl
write
__mempcpy
getpid
pthread_once
strlen
__stack_chk_fail
getuid
pthread_setcancelstate
strchr
__gettimeofday
__assert_fail
__libc_pread
__clock_nanosleep
__register_atfork
__pthread_barrier_init
__pthread_unwind
read
pthread_attr_init
pthread_cond_signal
__pthread_get_minstack
calloc
sigemptyset
__gmon_start__
sigfillset
memcpy
__clock_getres
__clock_gettime
pthread_getschedparam
pthread_attr_setdetachstate
__libc_dlopen_mode
pthread_mutex_unlock
pthread_exit
malloc
__pthread_barrier_wait
pthread_attr_setstacksize
realloc
__libc_dlsym
fsync
pthread_self
pthread_cond_timedwait
open
pthread_attr_destroy
__socket
__shm_directory
_ITM_registerTMCloneTable
__fortify_fail
__close_nocancel
__clock_getcpuclockid
GLIBC_2.2.5
pthread_mutex_lock
__clock_settime
apr_file_open_stdout
__errno_location
_ITM_deregisterTMCloneTable
chroot
getpwuid
ap_uname2id
ap_hook_pre_config
chdir
__stack_chk_fail
ap_exists_config_define
geteuid
ap_unixd_config
ap_hook_drop_privileges
__gmon_start__
ap_log_error_
strtol
prctl
ap_hook_test_config
apr_stat
setgid
access
ap_sys_privileges_handlers
apr_pstrcat
ap_coredumpdir_configured
ap_is_directory
_ITM_registerTMCloneTable
setuid
apr_file_printf
initgroups
GLIBC_2.2.5
ap_gname2id
ap_check_cmd_context
__ctype_toupper_loc
apr_array_make
strcasecmp
_ITM_deregisterTMCloneTable
ap_rprintf
ap_discard_request_body
ap_hook_handler
apr_dir_open
ap_getword_nc
ap_sub_req_lookup_dirent
qsort
ap_allow_options
apr_cpystrn
apr_pool_create_ex
apr_table_get
apr_pool_clear
ap_set_etag
ap_subreq_core_filter_handle
ap_is_matchexp
strlen
__stack_chk_fail
ap_set_deprecated
ap_set_content_type
strchr
ap_run_sub_req
apr_time_exp_lt
strrchr
apr_strftime
apr_table_unset
ap_psignature
memset
apr_palloc
apr_file_read
strcmp
apr_array_append
ap_set_last_modified
ap_unescape_url
__memcpy_chk
ap_strcmp_match
ap_strcasecmp_match
__gmon_start__
apr_table_setn
apr_file_close
strtol
apr_dir_read
memcpy
apr_pstrdup
ap_update_mtime
ap_sub_req_lookup_uri
apr_psprintf
ap_escape_html2
ap_set_flag_slot
strncasecmp
ap_make_dirstr_parent
apr_file_eof
ap_os_escape_path
ap_destroy_sub_req
apr_array_push
ap_str_tolower
apr_stat
apr_fnmatch
apr_strnatcmp
ap_make_full_path
apr_file_open
apr_dir_close
ap_log_rerror_
ap_getparents
ap_ind
apr_pstrcat
ap_rwrite
ap_rputc
apr_pstrndup
apr_strfsize
apr_strnatcasecmp
_ITM_registerTMCloneTable
apr_fnmatch_test
ap_field_noparam
GLIBC_2.2.5
ap_set_string_slot
ap_rvputs
ap_cstr_casecmp
strstr
__ctype_tolower_loc
free
strncpy
strncmp
_ITM_deregisterTMCloneTable
errno
ferror
fread
__pthread_mutex_unlock
__stpncpy
strlen
__stack_chk_fail
memset
strcspn
__open_nocancel
__pthread_mutex_lock
__gmon_start__
strtol
memcpy
malloc
__read_nocancel
realloc
__snprintf
__explicit_bzero_chk
strtoul
_ITM_registerTMCloneTable
__libc_alloca_cutoff
__close_nocancel
GLIBC_2.2.5
__libc_siglongjmp
__tsearch
__clone
free
__getrlimit
abort
unlink
_ITM_deregisterTMCloneTable
_exit
__sched_getscheduler
__libc_dlclose
errno
__libc_fatal
__statfs
__sched_get_priority_max
__mempcpy
__resp
getpid
__sigtimedwait
__mmap
fclose
strlen
__getpid
__stack_chk_fail
__libc_system
getuid
mmap
strchr
__munmap
__gettimeofday
__assert_fail
memset
__libc_fork
_IO_enable_locks
__write_nocancel
__register_atfork
sched_yield
_dl_deallocate_tls
__call_tls_dtors
__sched_getparam
_setjmp
calloc
__getdelim
__getmntent_r
__fxstat64
__libc_stack_end
strcmp
__libc_thread_freeres
__endmntent
memcpy
__mprotect
_rtld_global_ro
__clock_gettime
__libc_fcntl64
prctl
__nanosleep_nocancel
__libc_current_sigrtmax_private
__tdelete
__sched_setscheduler
__libc_dlopen_mode
__getpagesize
malloc
__read_nocancel
_dl_make_stack_executable
__libc_pthread_init
__ctype_init
sscanf
realloc
__libc_dlsym
__tfind
munmap
__open64_nocancel
__libc_current_sigrtmin_private
__libc_vfork
__madvise
__pause_nocancel
__h_errno
fopen
__mktemp
__twalk
_dl_allocate_tls
__setmntent
__tunable_get_val
sched_setparam
_dl_get_tls_static_info
sprintf
link
exit
getrlimit
_ITM_registerTMCloneTable
__libc_alloca_cutoff
_dl_allocate_tls_init
__close_nocancel
_rtld_global
__libc_allocate_rtsig_private
__libc_longjmp
GLIBC_2.2.5
__sched_get_priority_min
apr_dso_unload
apr_proc_mutex_unlock
__strcat_chk
apr_hash_first
apr_time_exp_get
apr_array_make
free
apr_dso_error
apr_file_pool_get
strcasecmp
apr_atomic_inc32
abort
XML_GetErrorCode
__errno_location
apr_thread_data_get
apr_file_read_full
strncmp
_ITM_deregisterTMCloneTable
stdout
apr_pstrmemdup
apr_os_default_encoding
apr_time_now
XML_SetEntityDeclHandler
apr_hash_set
iconv
apr_pool_parent_get
apr_thread_rwlock_unlock
qsort
apr_mmap_create
XML_ParserCreate
apr_allocator_free
apr_cpystrn
apr_mmap_delete
apr_thread_cond_signal
apr_pool_create_ex
apr_env_get
apr_pool_clear
apr_pool_is_ancestor
crypt_r
apr_pool_abort_get
apr_atomic_dec32
apr_thread_join
strlen
apr_file_info_get
apr_pool_cleanup_kill
__stack_chk_fail
apr_dso_sym
apr_mmap_dup
apr_file_seek
strchr
apr_file_write_full
apr_vformatter
strrchr
apr_socket_connect
apr_os_uuid_get
apr_pollset_create
__assert_fail
apr_pool_cleanup_register
fputs
apr_hash_this
XML_SetCharacterDataHandler
apr_pollset_destroy
memset
XML_ParserFree
apr_thread_cond_create
apr_thread_mutex_destroy
XML_SetUserData
apr_palloc
apr_thread_cond_wait
XML_StopParser
apr_pollset_remove
fputc
memchr
srand
memcmp
XML_Parse
apr_socket_recv
calloc
apr_thread_mutex_lock
apr_file_read
strcmp
apr_thread_detach
__gmon_start__
apr_file_lock
apr_file_close
strtol
memcpy
apr_pool_allocator_get
apr_proc_mutex_lock
apr_pstrdup
apr_socket_create
apr_hash_make
apr_socket_timeout_set
apr_snprintf
apr_file_unlock
apr_psprintf
apr_file_pipe_timeout_set
apr_atomic_read32
malloc
strncasecmp
apr_hash_count
apr_os_thread_current
apr_atomic_set32
apr_thread_cond_destroy
apr_socket_close
apr_pool_cleanup_null
apr_mmap_offset
apr_file_flags_get
apr_sleep
apr_thread_cond_broadcast
apr_time_exp_gmt_get
apr_sockaddr_info_get
apr_array_push
apr_pool_destroy
__printf_chk
iconv_close
XML_ErrorString
apr_hash_pool_get
memmove
apr_file_open
apr_os_thread_equal
apr_thread_data_set
apr_filepath_list_split
apr_thread_create
apr_pollset_poll
__explicit_bzero_chk
apr_thread_exit
XML_SetElementHandler
apr_pollset_add
apr_thread_rwlock_wrlock
apr_pstrcat
apr_socket_timeout_get
apr_os_locale_encoding
apr_hash_next
apr_allocator_align
apr_pstrndup
apr_pool_cleanup_run
fwrite
apr_socket_sendv
apr_thread_rwlock_rdlock
apr_atoi64
__strncat_chk
apr_thread_cond_timedwait
_ITM_registerTMCloneTable
apr_generate_random_bytes
apr_file_setaside
apr_thread_mutex_create
apr_file_name_get
apr_strtok
apr_os_thread_get
apr_allocator_alloc
GLIBC_2.2.5
apr_file_pipe_timeout_get
strstr
rand
__ctype_tolower_loc
apr_hash_get
apr_pool_pre_cleanup_register
__ctype_b_loc
iconv_open
apr_thread_mutex_unlock
__sprintf_chk
apr_dso_load
dl_iterate_phdr
free
__pthread_key_create
abort
_ITM_deregisterTMCloneTable
strlen
pthread_getspecific
memset
calloc
pthread_key_create
__gmon_start__
memcpy
pthread_once
GLIBC_2.2.5
malloc
pthread_setspecific
realloc
_ITM_registerTMCloneTable
GLIBC_2.2.5
GLIBC_2.2.5
apr_array_make
strcasecmp
_ITM_deregisterTMCloneTable
apr_table_get
apr_ipsubnet_create
strlen
__stack_chk_fail
strchr
apr_palloc
ap_hook_check_access
__gmon_start__
apr_pstrdup
apr_psprintf
strncasecmp
apr_array_push
ap_log_rerror_
apr_dynamic_fn_register
ap_get_useragent_host
apr_ipsubnet_test
_ITM_registerTMCloneTable
GLIBC_2.2.5
apr_array_make
strcasecmp
ap_server_root_relative
apr_pmemdup
_ITM_deregisterTMCloneTable
apr_pstrmemdup
apr_hash_set
apr_hash_copy
strlen
__stack_chk_fail
ap_hook_type_checker
ap_set_content_type
strchr
strrchr
ap_hook_post_config
ap_pcfg_openfile
apr_palloc
ap_cfg_getline
ap_getword_conf
__gmon_start__
ap_log_error_
apr_table_setn
memcpy
apr_pstrdup
ap_cfg_closefile
apr_hash_make
apr_psprintf
ap_set_flag_slot
ap_getword
apr_array_push
ap_str_tolower
apr_pstrcat
apr_hash_merge
ap_add_input_filter
_ITM_registerTMCloneTable
ap_add_output_filter
GLIBC_2.2.5
ap_set_string_slot
apr_hash_get
__ctype_b_loc
ap_check_cmd_context
strcasecmp
apr_pmemdup
apr_table_addn
strncmp
_ITM_deregisterTMCloneTable
apr_hash_set
apr_table_get
__stack_chk_fail
ap_strcasestr
apr_hash_overlay
apr_table_unset
apr_palloc
strcspn
ap_add_output_filter_handle
ap_hook_insert_filter
__gmon_start__
apr_table_setn
strtol
memcpy
apr_pstrdup
ap_expr_exec
apr_hash_make
apr_psprintf
ap_remove_output_filter
ap_log_rerror_
apr_pstrcat
ap_log_cerror_
ap_expr_parse_cmd_mi
ap_get_output_filter_handle
_ITM_registerTMCloneTable
ap_pass_brigade
apr_strtok
GLIBC_2.2.5
apr_hash_get
free
strncpy
strncmp
_ITM_deregisterTMCloneTable
errno
ferror
fread
__pthread_mutex_unlock
__stpncpy
strlen
__stack_chk_fail
memset
strcspn
__open_nocancel
__pthread_mutex_lock
__gmon_start__
strtol
memcpy
malloc
__read_nocancel
realloc
__snprintf
__explicit_bzero_chk
strtoul
_ITM_registerTMCloneTable
__libc_alloca_cutoff
__close_nocancel
GLIBC_2.2.5
ap_register_auth_provider
_ITM_deregisterTMCloneTable
apr_password_validate
__stack_chk_fail
ap_hook_optional_fn_retrieve
ap_pcfg_openfile
apr_palloc
ap_cfg_getline
strcmp
__gmon_start__
ap_cfg_closefile
apr_dynamic_fn_retrieve
ap_set_file_slot
ap_getword
ap_log_rerror_
_ITM_registerTMCloneTable
GLIBC_2.2.5
apr_table_add
apr_array_make
strcasecmp
apr_table_addn
strncmp
_ITM_deregisterTMCloneTable
apr_pstrmemdup
apr_time_now
strcpy
ap_get_loadavg
apr_hash_set
apr_table_do
apr_table_get
ap_hook_insert_error_filter
ap_get_sload
ap_hook_pre_config
strlen
__stack_chk_fail
ap_set_content_type
strchr
apr_table_unset
ap_hook_post_config
ap_regexec
apr_palloc
ap_getword_conf
ap_hook_post_read_request
apr_array_append
apr_table_mergen
ap_hook_insert_filter
__gmon_start__
ap_log_error_
apr_table_setn
ap_pregsub
memcpy
apr_pstrdup
ap_expr_exec
ap_register_output_filter
apr_hash_make
apr_psprintf
strncasecmp
ap_pregcomp
apr_dynamic_fn_retrieve
ap_expr_str_exec
ap_remove_output_filter
ap_hook_fixups
ap_getword
apr_array_push
apr_table_make
ap_log_rerror_
apr_pstrcat
ap_expr_parse_cmd_mi
strcat
_ITM_registerTMCloneTable
ap_pass_brigade
ap_add_output_filter
GLIBC_2.2.5
apr_hash_get
__ctype_b_loc
strcasecmp
_ITM_deregisterTMCloneTable
ap_hook_note_auth_failure
apr_table_get
__stack_chk_fail
ap_getword_nulls
apr_table_unset
apr_palloc
ap_lookup_provider
ap_auth_name
strcmp
__gmon_start__
apr_table_setn
ap_pbase64decode
apr_psprintf
ap_pbase64encode
ap_md5
ap_expr_str_exec
ap_auth_type
ap_hook_check_authn
ap_hook_fixups
ap_getword
ap_log_rerror_
apr_pstrcat
ap_expr_parse_cmd_mi
_ITM_registerTMCloneTable
GLIBC_2.2.5
getenv
free
__errno_location
_ITM_deregisterTMCloneTable
getpid
__stack_chk_fail
gettimeofday
__assert_fail
memset
close
read
memcmp
__gmon_start__
memcpy
malloc
realloc
memmove
open
__fprintf_chk
_ITM_registerTMCloneTable
getrandom
GLIBC_2.2.5
stderr
__libpthread_freeres
_rtld_global
__libc_enable_secure
__tls_get_addr
_dl_exception_create
_rtld_global_ro
__tunable_get_val
_dl_find_dso_for_object
_dl_starting_up
__libdl_freeres
_dl_argv
__ctype_toupper_loc
free
strncmp
_ITM_deregisterTMCloneTable
strlen
__stack_chk_fail
mmap
strchr
memset
memcmp
strcmp
__memcpy_chk
__gmon_start__
memcpy
pthread_mutex_unlock
malloc
munmap
madvise
memmove
sysconf
_ITM_registerTMCloneTable
GLIBC_2.2.5
pthread_mutex_lock
__ctype_tolower_loc
__ctype_b_loc
endgrent
__ctype_toupper_loc
getenv
__snprintf_chk
putchar
endmntent
is_selinux_enabled
localtime
__vfprintf_chk
abort
__errno_location
strncpy
strncmp
_ITM_deregisterTMCloneTable
localtime_r
_exit
strcpy
__fpending
unlinkat
ferror
lsetfilecon
qsort
isatty
iswcntrl
localeconv
faccessat
fcntl
clock_gettime
setenv
textdomain
iswctype
fclose
opendir
getpwuid
ctime
bindtextdomain
dcgettext
__ctype_get_mb_cur_max
strlen
__lxstat
openat
chdir
__stack_chk_fail
mbrtowc
strchr
difftime
getgrgid
GLIBC_2.2.5
__fxstatat
snprintf
modf
strrchr
fgetfilecon
uname
gmtime_r
lseek
gettimeofday
__assert_fail
fputs
__strtoul_internal
fnmatch
memset
__poll_chk
strnlen
getcwd
close
strspn
closedir
fputc
strtok_r
memchr
strndup
__libc_start_main
memcmp
wctype
calloc
lgetfilecon
__getdelim
strcmp
putc
signal
readlinkat
dirfd
getpwnam
__memcpy_chk
rpmatch
__gmon_start__
strtol
memcpy
pthread_mutexattr_gettype
getgrnam
getfilecon
tzset
time
fileno
__stpcpy_chk
__xstat
readdir
wcwidth
GLIBC_2.2.5
iswalnum
wcrtomb
fflush
getmntent
setmntent
nl_langinfo
__fxstat
endpwent
sscanf
mktime
strpbrk
__freading
fchdir
setfilecon
fdopen
setlocale
__printf_chk
timegm
strftime
btowc
memmove
error
memrchr
waitpid
open
access
fseeko
fopen
sysconf
towlower
fdopendir
unsetenv
towupper
strtoul
fstatfs
execvp
__cxa_atexit
strcat
freecon
sprintf
exit
fwrite
__fprintf_chk
getrlimit
_ITM_registerTMCloneTable
strdup
mbsinit
iswprint
hasmntopt
GLIBC_2.2.5
fork
GLIBC_2.2.5
__ctype_tolower_loc
__ctype_b_loc
__sprintf_chk
free
realloc
GLIBC_2.2.5
strtod
malloc
apr_array_make
ap_expr_exec_re
strcasecmp
_ITM_deregisterTMCloneTable
ap_hook_header_parser
apr_table_get
apr_table_elts
strlen
__stack_chk_fail
apr_table_unset
ap_regexec
apr_palloc
ap_getword_conf
ap_hook_post_read_request
strcmp
apr_array_append
__gmon_start__
apr_table_setn
ap_pregsub
apr_psprintf
ap_pregcomp
ap_getword
apr_array_push
apr_table_make
ap_log_rerror_
apr_pstrcat
ap_expr_parse_cmd_mi
ap_get_useragent_host
apr_strmatch_precompile
_ITM_registerTMCloneTable
ap_log_assert
GLIBC_2.2.5
__errno_location
srandom
strncpy
_ITM_deregisterTMCloneTable
fcntl
write
getpid
fclose
dcgettext
strlen
__stack_chk_fail
getuid
rewind
nanosleep
ftruncate
gettimeofday
memset
fscanf
ioctl
close
read
memcmp
__tls_get_addr
syscall
__gmon_start__
umask
memcpy
time
random
fflush
fdopen
open
access
jrand48
strtoul
flock
getppid
connect
fwrite
__fprintf_chk
_ITM_registerTMCloneTable
getrandom
GLIBC_2.2.5
__ctype_b_loc
__sprintf_chk
socket
ap_register_auth_provider
_ITM_deregisterTMCloneTable
__stack_chk_fail
apr_palloc
ap_getword_conf
strcmp
__gmon_start__
ap_expr_str_exec
ap_log_rerror_
apr_pstrcat
ap_expr_parse_cmd_mi
_ITM_registerTMCloneTable
GLIBC_2.2.5
